<?xml version="1.0" encoding="UTF-8"?>
<!-- Generated by org.testng.reporters.JUnitXMLReporter -->
<testsuite hostname="DESKTOP-FLS55JV" ignored="0" name="Default test" tests="6" failures="0" timestamp="27 Jun 2022 13:13:16 GMT" time="8.077" errors="0">
  <testcase name="Login" time="4.964" classname="com.omr.test.OMRBranchClub"/>
  <testcase name="addAddress" time="0.692" classname="com.omr.test.OMRBranchClub"/>
  <testcase name="updateAddress" time="0.535" classname="com.omr.test.OMRBranchClub"/>
  <testcase name="GetAddress" time="0.538" classname="com.omr.test.OMRBranchClub"/>
  <testcase name="DeleteAddress" time="0.435" classname="com.omr.test.OMRBranchClub"/>
  <testcase name="changeProfilePic" time="0.835" classname="com.omr.test.OMRBranchClub"/>
</testsuite> <!-- Default test -->
